{
  "0 debug pnpm:scope": {
    "selected": 1
  },
  "1 error pnpm": {
    "code": "ELIFECYCLE",
    "errno": "ENOENT",
    "syscall": "spawn",
    "file": "sh",
    "pkgid": "kumeru@0.1.0",
    "stage": "build:docs",
    "script": "typedoc --out docs src",
    "pkgname": "kumeru",
    "err": {
      "name": "Error",
      "message": "kumeru@0.1.0 build:docs: `typedoc --out docs src`\nspawn ENOENT",
      "code": "ELIFECYCLE",
      "stack": "Error: kumeru@0.1.0 build:docs: `typedoc --out docs src`\nspawn ENOENT\n    at ChildProcess.<anonymous> (/home/z/.node/corepack/pnpm/6.11.0/dist/pnpm.cjs:93073:22)\n    at ChildProcess.emit (node:events:527:28)\n    at maybeClose (node:internal/child_process:1090:16)\n    at Process.ChildProcess._handle.onexit (node:internal/child_process:302:5)"
    }
  }
}